irun(64): 15.20-s086: (c) Copyright 1995-2020 Cadence Design Systems, Inc.
TOOL:	irun(64)	15.20-s086: Started on Sep 08, 2023 at 15:03:51 IST
irun
	design.v
	testbench.v
	+access+rw
	+gui
	+nccoverage+all
DEFINE gpdk180		$ANALOG/180nm/libs.oa22/gpdk180.
|
irun: *W,DLCPTH (/home/install/FOUNDRY/cds.lib,41): cds.lib Invalid path '/home/install/FOUNDRY/analog/180nm/libs.oa22/gpdk180.' (cds.lib command ignored).
irun: *W,DLNCML: Multiple logical library mappings have been detected in the cds.lib. Directory used multiple times '/home/install/FOUNDRY/cds_ff_mpt_v_1.0/cds_ff_mpt'.
DEFINE gpdk180		$ANALOG/180nm/libs.oa22/gpdk180.
|
irun: *W,DLCPTH (/home/install/FOUNDRY/cds.lib,41): cds.lib Invalid path '/home/install/FOUNDRY/analog/180nm/libs.oa22/gpdk180.' (cds.lib command ignored).
irun: *W,DLNCML: Multiple logical library mappings have been detected in the cds.lib. Directory used multiple times '/home/install/FOUNDRY/cds_ff_mpt_v_1.0/cds_ff_mpt'.
DEFINE gpdk180		$ANALOG/180nm/libs.oa22/gpdk180.
|
irun: *W,DLCPTH (/home/install/FOUNDRY/cds.lib,41): cds.lib Invalid path '/home/install/FOUNDRY/analog/180nm/libs.oa22/gpdk180.' (cds.lib command ignored).
irun: *W,DLNCML: Multiple logical library mappings have been detected in the cds.lib. Directory used multiple times '/home/install/FOUNDRY/cds_ff_mpt_v_1.0/cds_ff_mpt'.
DEFINE gpdk180		$ANALOG/180nm/libs.oa22/gpdk180.
|
irun: *W,DLCPTH (/home/install/FOUNDRY/cds.lib,41): cds.lib Invalid path '/home/install/FOUNDRY/analog/180nm/libs.oa22/gpdk180.' (cds.lib command ignored).
irun: *W,DLNCML: Multiple logical library mappings have been detected in the cds.lib. Directory used multiple times '/home/install/FOUNDRY/cds_ff_mpt_v_1.0/cds_ff_mpt'.
DEFINE gpdk180		$ANALOG/180nm/libs.oa22/gpdk180.
|
irun: *W,DLCPTH (/home/install/FOUNDRY/cds.lib,41): cds.lib Invalid path '/home/install/FOUNDRY/analog/180nm/libs.oa22/gpdk180.' (cds.lib command ignored).
irun: *W,DLNCML: Multiple logical library mappings have been detected in the cds.lib. Directory used multiple times '/home/install/FOUNDRY/cds_ff_mpt_v_1.0/cds_ff_mpt'.
DEFINE gpdk180		$ANALOG/180nm/libs.oa22/gpdk180.
|
irun: *W,DLCPTH (/home/install/FOUNDRY/cds.lib,41): cds.lib Invalid path '/home/install/FOUNDRY/analog/180nm/libs.oa22/gpdk180.' (cds.lib command ignored).
irun: *W,DLNCML: Multiple logical library mappings have been detected in the cds.lib. Directory used multiple times '/home/install/FOUNDRY/cds_ff_mpt_v_1.0/cds_ff_mpt'.
DEFINE gpdk180		$ANALOG/180nm/libs.oa22/gpdk180.
|
irun: *W,DLCPTH (/home/install/FOUNDRY/cds.lib,41): cds.lib Invalid path '/home/install/FOUNDRY/analog/180nm/libs.oa22/gpdk180.' (cds.lib command ignored).
irun: *W,DLNCML: Multiple logical library mappings have been detected in the cds.lib. Directory used multiple times '/home/install/FOUNDRY/cds_ff_mpt_v_1.0/cds_ff_mpt'.
DEFINE gpdk180		$ANALOG/180nm/libs.oa22/gpdk180.
|
ncsim: *W,DLCPTH (/home/install/FOUNDRY/cds.lib,41): cds.lib Invalid path '/home/install/FOUNDRY/analog/180nm/libs.oa22/gpdk180.' (cds.lib command ignored).
ncsim: *W,DLNCML: Multiple logical library mappings have been detected in the cds.lib. Directory used multiple times '/home/install/FOUNDRY/cds_ff_mpt_v_1.0/cds_ff_mpt'.

-------------------------------------
Relinquished control to SimVision...
ncsim> 
ncsim> source /home/install/INCISIVE152/tools/inca/files/ncsimrc
ncsim> imc
ncsim> 